<?xml version="1.0" encoding="UTF-8"?>
<!-- Generated by org.testng.reporters.JUnitXMLReporter -->
<testsuite ignored="1" hostname="LAPTOP-5KMFOFH9" failures="1" tests="4" name="Default test(failed)" time="0.083" errors="0" timestamp="2024-07-27T21:27:20 IST">
  <testcase classname="retryFailTest.RetryTestCase" name="testCase2" time="0.02">
    <skipped/>
  </testcase> <!-- testCase2 -->
  <testcase classname="retryFailTest.RetryTestCase" name="testCase2" time="0.001">
    <skipped/>
  </testcase> <!-- testCase2 -->
  <testcase classname="retryFailTest.RetryTestCase" name="testCase2" time="0.0">
    <skipped/>
  </testcase> <!-- testCase2 -->
  <testcase classname="retryFailTest.RetryTestCase" name="testCase2" time="0.0">
    <failure type="java.lang.AssertionError" message="Test Case Fail! expected [false] but found [true]">
      <![CDATA[java.lang.AssertionError: Test Case Fail! expected [false] but found [true]
at retryFailTest.RetryTestCase.testCase2(RetryTestCase.java:18)
at java.base/java.util.ArrayList.forEach(ArrayList.java:1511)
... Removed 33 stack frames]]>
    </failure>
  </testcase> <!-- testCase2 -->
  <testcase classname="retryFailTest.RetryTestCase" name="testCase1" time="0.0">
    <ignored/>
  </testcase> <!-- testCase1 -->
</testsuite> <!-- Default test(failed) -->
