<?xml version="1.0" encoding="UTF-8"?>
<!-- Generated by org.testng.reporters.JUnitXMLReporter -->
<testsuite ignored="0" hostname="LAPTOP-5KMFOFH9" failures="0" tests="4" name="Default test" time="3.268" errors="0" timestamp="2024-07-14T22:15:08 IST">
  <testcase classname="com.SwagLabs.TestCases.InventoryPageTest" name="verifyTotalProducts" time="0.024"/>
  <testcase classname="com.SwagLabs.TestCases.InventoryPageTest" name="verifyProducts" time="0.09"/>
  <testcase classname="com.SwagLabs.TestCases.InventoryPageTest" name="validateAddToCart" time="0.154"/>
  <testcase classname="com.SwagLabs.TestCases.InventoryPageTest" name="verifyCartPage" time="0.053"/>
</testsuite> <!-- Default test -->
