<?xml version="1.0" encoding="UTF-8"?>
<!-- Generated by org.testng.reporters.JUnitXMLReporter -->
<testsuite ignored="3" hostname="LAPTOP-5KMFOFH9" failures="0" tests="1" name="Default test" time="4.629" errors="0" timestamp="2024-08-03T22:26:04 IST">
  <testcase classname="apiScenarios.Authentication" name="outh2Test" time="4.582"/>
  <testcase classname="apiScenarios.Authentication" name="digestAuthentication" time="0.0">
    <ignored/>
  </testcase> <!-- digestAuthentication -->
  <testcase classname="apiScenarios.Authentication" name="tokenTest" time="0.0">
    <ignored/>
  </testcase> <!-- tokenTest -->
  <testcase classname="apiScenarios.Authentication" name="basicAuthentication" time="0.0">
    <ignored/>
  </testcase> <!-- basicAuthentication -->
</testsuite> <!-- Default test -->
