<?xml version="1.0" encoding="UTF-8"?>
<!-- Generated by org.testng.reporters.JUnitXMLReporter -->
<testsuite ignored="0" hostname="LAPTOP-5KMFOFH9" failures="0" tests="4" name="CartTest" time="13.09" errors="0" timestamp="2024-07-20T22:12:29 IST">
  <testcase classname="com.SwagLabs.TestCases.CartPageTest" name="verifyProduct" time="0.027"/>
  <testcase classname="com.SwagLabs.TestCases.CartPageTest" name="verifyRemove" time="1.059"/>
  <testcase classname="com.SwagLabs.TestCases.CartPageTest" name="verifyContinueShopping" time="4.306"/>
  <testcase classname="com.SwagLabs.TestCases.CartPageTest" name="verifyCheckout" time="1.097"/>
</testsuite> <!-- CartTest -->
