<?xml version="1.0" encoding="UTF-8"?>
<!-- Generated by org.testng.reporters.JUnitXMLReporter -->
<testsuite ignored="0" hostname="LAPTOP-5KMFOFH9" failures="0" tests="4" name="CartTest" time="12.94" errors="0" timestamp="2024-07-14T22:37:40 IST">
  <testcase classname="com.SwagLabs.TestCases.CartPageTest" name="verifyProduct" time="0.03"/>
  <testcase classname="com.SwagLabs.TestCases.CartPageTest" name="verifyRemove" time="1.063"/>
  <testcase classname="com.SwagLabs.TestCases.CartPageTest" name="verifyContinueShopping" time="4.298"/>
  <testcase classname="com.SwagLabs.TestCases.CartPageTest" name="verifyCheckout" time="1.072"/>
</testsuite> <!-- CartTest -->
