<?xml version="1.0" encoding="UTF-8"?>
<!-- Generated by org.testng.reporters.JUnitXMLReporter -->
<testsuite ignored="0" hostname="LAPTOP-5KMFOFH9" failures="0" tests="4" name="InventoryTest" time="7.702" errors="0" timestamp="2024-07-20T22:12:16 IST">
  <testcase classname="com.SwagLabs.TestCases.InventoryPageTest" name="verifyTotalProducts" time="0.019"/>
  <testcase classname="com.SwagLabs.TestCases.InventoryPageTest" name="verifyProducts" time="1.102"/>
  <testcase classname="com.SwagLabs.TestCases.InventoryPageTest" name="validateAddToCart" time="2.186"/>
  <testcase classname="com.SwagLabs.TestCases.InventoryPageTest" name="verifyCartPage" time="1.078"/>
</testsuite> <!-- InventoryTest -->
