<?xml version="1.0" encoding="UTF-8"?>
<!-- Generated by org.testng.reporters.JUnitXMLReporter -->
<testsuite ignored="0" hostname="LAPTOP-5KMFOFH9" failures="0" tests="3" name="LoginTest" time="4.293" errors="0" timestamp="2024-07-14T22:37:19 IST">
  <testcase classname="com.SwagLabs.TestCases.LoginPageTest" name="validateLogin" time="1.412"/>
  <testcase classname="com.SwagLabs.TestCases.LoginPageTest" name="verifyUrl" time="0.009"/>
  <testcase classname="com.SwagLabs.TestCases.LoginPageTest" name="verifyTitle" time="0.008"/>
</testsuite> <!-- LoginTest -->
