<?xml version="1.0" encoding="UTF-8"?>
<!-- Generated by org.testng.reporters.JUnitXMLReporter -->
<testsuite ignored="0" hostname="LAPTOP-5KMFOFH9" failures="0" tests="3" name="SignInTest" time="4.293" errors="0" timestamp="2024-07-20T20:17:09 IST">
  <testcase classname="pageObjectmodelUsingPageFactory.SignInPageTest" name="verifyTitle" time="0.018"/>
  <testcase classname="pageObjectmodelUsingPageFactory.SignInPageTest" name="verifyText" time="0.04"/>
  <testcase classname="pageObjectmodelUsingPageFactory.SignInPageTest" name="validateSignIn" time="0.737"/>
</testsuite> <!-- SignInTest -->
