<?xml version="1.0" encoding="UTF-8"?>
<!-- Generated by org.testng.reporters.JUnitXMLReporter -->
<testsuite ignored="0" hostname="LAPTOP-5KMFOFH9" failures="0" tests="4" name="Test" time="7.633" errors="0" timestamp="2024-07-14T22:37:27 IST">
  <testcase classname="com.SwagLabs.TestCases.InventoryPageTest" name="verifyTotalProducts" time="0.019"/>
  <testcase classname="com.SwagLabs.TestCases.InventoryPageTest" name="verifyProducts" time="1.099"/>
  <testcase classname="com.SwagLabs.TestCases.InventoryPageTest" name="validateAddToCart" time="2.199"/>
  <testcase classname="com.SwagLabs.TestCases.InventoryPageTest" name="verifyCartPage" time="1.071"/>
</testsuite> <!-- Test -->
