<?xml version="1.0" encoding="UTF-8"?>
<!-- Generated by org.testng.reporters.JUnitXMLReporter -->
<testsuite ignored="0" hostname="LAPTOP-5KMFOFH9" failures="1" tests="2" name="Test" time="0.073" errors="0" timestamp="2024-07-20T22:03:10 IST">
  <testcase classname="reports.TestListners" name="registerTest" time="0.011"/>
  <testcase classname="reports.TestListners" name="loginTest" time="0.007">
    <failure type="java.lang.AssertionError" message="Login Fail expected [false] but found [true]">
      <![CDATA[java.lang.AssertionError: Login Fail expected [false] but found [true]
at reports.TestListners.loginTest(TestListners.java:20)
at java.base/java.util.ArrayList.forEach(ArrayList.java:1511)
... Removed 33 stack frames]]>
    </failure>
  </testcase> <!-- loginTest -->
</testsuite> <!-- Test -->
