<?xml version="1.0" encoding="UTF-8"?>
<testng-results ignored="0" total="1" passed="1" failed="0" skipped="0">
  <reporter-output>
  </reporter-output>
  <suite started-at="2024-07-13T22:19:16 IST" name="Suite" finished-at="2024-07-13T22:20:03 IST" duration-ms="46868">
    <groups>
    </groups>
    <test started-at="2024-07-13T22:19:16 IST" name="Test" finished-at="2024-07-13T22:20:03 IST" duration-ms="46868">
      <class name="externalDataForTesting.HrmAppDataPassingUsingXML">
        <test-method signature="loginTest(java.lang.String,java.lang.String)[pri:0, instance:externalDataForTesting.HrmAppDataPassingUsingXML@6283d8b8]" started-at="2024-07-13T22:19:16 IST" name="loginTest" finished-at="2024-07-13T22:20:03 IST" duration-ms="46815" status="PASS">
          <params>
            <param index="0">
              <value>
                <![CDATA[Admin]]>
              </value>
            </param>
            <param index="1">
              <value>
                <![CDATA[admin123]]>
              </value>
            </param>
          </params>
          <reporter-output>
          </reporter-output>
        </test-method> <!-- loginTest -->
      </class> <!-- externalDataForTesting.HrmAppDataPassingUsingXML -->
    </test> <!-- Test -->
  </suite> <!-- Suite -->
</testng-results>
