<?xml version="1.0" encoding="UTF-8"?>
<testng-results ignored="0" total="1" passed="1" failed="0" skipped="0">
  <reporter-output>
  </reporter-output>
  <suite started-at="2024-07-06T22:30:53 IST" name="Default suite" finished-at="2024-07-06T22:30:57 IST" duration-ms="4074">
    <groups>
    </groups>
    <test started-at="2024-07-06T22:30:53 IST" name="Default test" finished-at="2024-07-06T22:30:57 IST" duration-ms="4074">
      <class name="webElementScenarios.Goibibo_Calendar">
        <test-method signature="testCalendar()[pri:0, instance:webElementScenarios.Goibibo_Calendar@20ccf40b]" started-at="2024-07-06T22:30:53 IST" name="testCalendar" finished-at="2024-07-06T22:30:57 IST" duration-ms="4028" status="PASS">
          <reporter-output>
          </reporter-output>
        </test-method> <!-- testCalendar -->
      </class> <!-- webElementScenarios.Goibibo_Calendar -->
    </test> <!-- Default test -->
  </suite> <!-- Default suite -->
</testng-results>
