<?xml version="1.0" encoding="UTF-8"?>
<!-- Generated by org.testng.reporters.JUnitReportReporter -->
<testsuite hostname="LAPTOP-5KMFOFH9" failures="0" tests="5" name="dataDrivenTest.HrmDataDrivenTest" time="63.802" errors="0" timestamp="2024-07-20T21:36:37 IST" skipped="0">
  <testcase classname="dataDrivenTest.HrmDataDrivenTest" name="hrmLogin" time="5.264"/>
  <system-out/>
  <testcase classname="dataDrivenTest.HrmDataDrivenTest" name="hrmLogin" time="21.176"/>
  <system-out/>
  <testcase classname="dataDrivenTest.HrmDataDrivenTest" name="hrmLogin" time="16.159"/>
  <system-out/>
  <testcase classname="dataDrivenTest.HrmDataDrivenTest" name="hrmLogin" time="14.324"/>
  <system-out/>
  <testcase classname="dataDrivenTest.HrmDataDrivenTest" name="hrmLogin" time="6.879"/>
  <system-out/>
</testsuite> <!-- dataDrivenTest.HrmDataDrivenTest -->
