<?xml version="1.0" encoding="UTF-8"?>
<!-- Generated by org.testng.reporters.JUnitReportReporter -->
<testsuite hostname="LAPTOP-5KMFOFH9" failures="0" tests="3" name="com.SwagLabs.TestCases.LoginPageTest" time="1.437" errors="0" timestamp="2024-07-20T22:12:49 IST" skipped="0">
  <testcase classname="com.SwagLabs.TestCases.LoginPageTest" name="validateLogin" time="1.417"/>
  <system-out/>
  <testcase classname="com.SwagLabs.TestCases.LoginPageTest" name="verifyUrl" time="0.008"/>
  <system-out/>
  <testcase classname="com.SwagLabs.TestCases.LoginPageTest" name="verifyTitle" time="0.012"/>
  <system-out/>
</testsuite> <!-- com.SwagLabs.TestCases.LoginPageTest -->
