<?xml version="1.0" encoding="UTF-8"?>
<!-- Generated by org.testng.reporters.JUnitReportReporter -->
<testsuite hostname="LAPTOP-5KMFOFH9" failures="0" tests="2" name="com.SwagLabs.TestCases.OverViewPageTest" time="0.136" errors="0" timestamp="2024-07-20T22:12:49 IST" skipped="0">
  <testcase classname="com.SwagLabs.TestCases.OverViewPageTest" name="varifyDetails" time="0.028"/>
  <system-out/>
  <testcase classname="com.SwagLabs.TestCases.OverViewPageTest" name="validateCheckout" time="0.108"/>
  <system-out/>
</testsuite> <!-- com.SwagLabs.TestCases.OverViewPageTest -->
