<?xml version="1.0" encoding="UTF-8"?>
<!-- Generated by org.testng.reporters.JUnitReportReporter -->
<testsuite hostname="LAPTOP-5KMFOFH9" failures="0" tests="2" name="retryFailTest.RetryTestCase" time="0.013" errors="0" timestamp="2024-07-27T21:28:04 IST" skipped="0">
  <testcase classname="retryFailTest.RetryTestCase" name="testCase2" time="0.001"/>
  <system-out/>
  <testcase classname="retryFailTest.RetryTestCase" name="testCase1" time="0.012"/>
  <system-out/>
</testsuite> <!-- retryFailTest.RetryTestCase -->
