<?xml version="1.0" encoding="UTF-8"?>
<!-- Generated by org.testng.reporters.JUnitReportReporter -->
<testsuite hostname="LAPTOP-5KMFOFH9" failures="0" tests="3" name="pageObjectmodelUsingPageFactory.SignInPageTest" time="0.795" errors="0" timestamp="2024-07-20T20:17:13 IST" skipped="0">
  <testcase classname="pageObjectmodelUsingPageFactory.SignInPageTest" name="verifyTitle" time="0.018"/>
  <system-out/>
  <testcase classname="pageObjectmodelUsingPageFactory.SignInPageTest" name="verifyText" time="0.040"/>
  <system-out/>
  <testcase classname="pageObjectmodelUsingPageFactory.SignInPageTest" name="validateSignIn" time="0.737"/>
  <system-out/>
</testsuite> <!-- pageObjectmodelUsingPageFactory.SignInPageTest -->
