<?xml version="1.0" encoding="UTF-8"?>
<!-- Generated by org.testng.reporters.JUnitReportReporter -->
<testsuite hostname="LAPTOP-5KMFOFH9" failures="0" tests="4" name="com.SwagLabs.TestCases.CartPageTest" time="6.463" errors="0" timestamp="2024-07-14T22:37:40 IST" skipped="0">
  <testcase classname="com.SwagLabs.TestCases.CartPageTest" name="verifyProduct" time="0.030"/>
  <system-out/>
  <testcase classname="com.SwagLabs.TestCases.CartPageTest" name="verifyRemove" time="1.063"/>
  <system-out/>
  <testcase classname="com.SwagLabs.TestCases.CartPageTest" name="verifyContinueShopping" time="4.298"/>
  <system-out/>
  <testcase classname="com.SwagLabs.TestCases.CartPageTest" name="verifyCheckout" time="1.072"/>
  <system-out/>
</testsuite> <!-- com.SwagLabs.TestCases.CartPageTest -->
