<?xml version="1.0" encoding="UTF-8"?>
<!-- Generated by org.testng.reporters.JUnitReportReporter -->
<testsuite hostname="LAPTOP-5KMFOFH9" failures="0" tests="3" name="testNGDemo.TestDemo1" time="13.937" errors="0" timestamp="2024-07-13T22:08:56 IST" skipped="0">
  <testcase classname="testNGDemo.TestDemo1" name="chromeTest" time="3.318"/>
  <system-out/>
  <testcase classname="testNGDemo.TestDemo1" name="firefoxTest" time="3.714"/>
  <system-out/>
  <testcase classname="testNGDemo.TestDemo1" name="edgeTest" time="6.905"/>
  <system-out/>
</testsuite> <!-- testNGDemo.TestDemo1 -->
