<?xml version="1.0" encoding="UTF-8"?>
<!-- Generated by org.testng.reporters.JUnitReportReporter -->
<testsuite hostname="LAPTOP-5KMFOFH9" failures="0" tests="1" name="driverSessionTest.CreateDriverSessionUsingAppPackageAppActivity" time="8.112" errors="0" timestamp="2024-08-04T20:44:43 IST" skipped="0">
  <testcase classname="driverSessionTest.CreateDriverSessionUsingAppPackageAppActivity" name="createSession" time="8.112"/>
  <system-out/>
</testsuite> <!-- driverSessionTest.CreateDriverSessionUsingAppPackageAppActivity -->
