<?xml version="1.0" encoding="UTF-8"?>
<!-- Generated by org.testng.reporters.JUnitReportReporter -->
<testsuite hostname="LAPTOP-5KMFOFH9" failures="0" tests="3" name="dataDrivenTest.DataDrivenTestDemo" time="0.011" errors="0" timestamp="2024-07-20T20:37:07 IST" skipped="0">
  <testcase classname="dataDrivenTest.DataDrivenTestDemo" name="loginTest" time="0.001"/>
  <system-out/>
  <testcase classname="dataDrivenTest.DataDrivenTestDemo" name="loginTest" time="0.009"/>
  <system-out/>
  <testcase classname="dataDrivenTest.DataDrivenTestDemo" name="loginTest" time="0.001"/>
  <system-out/>
</testsuite> <!-- dataDrivenTest.DataDrivenTestDemo -->
