<?xml version="1.0" encoding="UTF-8"?>
<!-- Generated by org.testng.reporters.JUnitReportReporter -->
<testsuite hostname="LAPTOP-5KMFOFH9" failures="0" tests="3" name="pageObjectModelDesign.LoginPageTestCase" time="0.944" errors="0" timestamp="2024-07-14T21:24:42 IST" skipped="0">
  <testcase classname="pageObjectModelDesign.LoginPageTestCase" name="verifyUrl" time="0.019"/>
  <system-out/>
  <testcase classname="pageObjectModelDesign.LoginPageTestCase" name="verifyTitle" time="0.011"/>
  <system-out/>
  <testcase classname="pageObjectModelDesign.LoginPageTestCase" name="validateLogin" time="0.914"/>
  <system-out/>
</testsuite> <!-- pageObjectModelDesign.LoginPageTestCase -->
