<?xml version="1.0" encoding="UTF-8"?>
<!-- Generated by org.testng.reporters.JUnitReportReporter -->
<testsuite hostname="LAPTOP-5KMFOFH9" failures="0" tests="3" name="seleniumGrid.CrossBrowserTest" time="99.185" errors="0" timestamp="2024-07-14T12:06:42 IST" skipped="0">
  <testcase classname="seleniumGrid.CrossBrowserTest" name="crossBorwserTesting" time="30.838"/>
  <system-out/>
  <testcase classname="seleniumGrid.CrossBrowserTest" name="crossBorwserTesting" time="35.970"/>
  <system-out/>
  <testcase classname="seleniumGrid.CrossBrowserTest" name="crossBorwserTesting" time="32.377"/>
  <system-out/>
</testsuite> <!-- seleniumGrid.CrossBrowserTest -->
