<?xml version="1.0" encoding="UTF-8"?>
<!-- Generated by org.testng.reporters.JUnitReportReporter -->
<testsuite hostname="LAPTOP-5KMFOFH9" failures="0" tests="1" name="mobileElementWithGestures.NotificationsToggleSetupTestInAppium" time="15.106" errors="0" timestamp="2024-08-05T20:53:53 IST" skipped="0">
  <testcase classname="mobileElementWithGestures.NotificationsToggleSetupTestInAppium" name="toogleNetworkTest" time="15.106"/>
  <system-out/>
</testsuite> <!-- mobileElementWithGestures.NotificationsToggleSetupTestInAppium -->
