<?xml version="1.0" encoding="UTF-8"?>
<!-- Generated by org.testng.reporters.JUnitReportReporter -->
<testsuite hostname="LAPTOP-5KMFOFH9" failures="0" tests="6" name="testNGDemo.TestNGAttributes" time="0.005" errors="0" timestamp="2024-07-13T22:08:56 IST" skipped="0">
  <testcase classname="testNGDemo.TestNGAttributes" name="registerTest" time="0.001"/>
  <system-out/>
  <testcase classname="testNGDemo.TestNGAttributes" name="loginTest" time="0.000"/>
  <system-out/>
  <testcase classname="testNGDemo.TestNGAttributes" name="loginTest" time="0.001"/>
  <system-out/>
  <testcase classname="testNGDemo.TestNGAttributes" name="loginTest" time="0.001"/>
  <system-out/>
  <testcase classname="testNGDemo.TestNGAttributes" name="searchTest" time="0.001"/>
  <system-out/>
  <testcase classname="testNGDemo.TestNGAttributes" name="addToCartTest" time="0.001"/>
  <system-out/>
</testsuite> <!-- testNGDemo.TestNGAttributes -->
