<?xml version="1.0" encoding="UTF-8"?>
<!-- Generated by org.testng.reporters.JUnitReportReporter -->
<testsuite hostname="LAPTOP-5KMFOFH9" failures="0" tests="2" name="realTimeAnnotationUse.CRMTestCasesReal" time="1.843" errors="0" timestamp="2024-07-13T21:50:51 IST" skipped="0">
  <testcase classname="realTimeAnnotationUse.CRMTestCasesReal" name="validateLink" time="1.078"/>
  <system-out/>
  <testcase classname="realTimeAnnotationUse.CRMTestCasesReal" name="validateLogin" time="0.765"/>
  <system-out/>
</testsuite> <!-- realTimeAnnotationUse.CRMTestCasesReal -->
