<?xml version="1.0" encoding="UTF-8"?>
<!-- Generated by org.testng.reporters.JUnitReportReporter -->
<testsuite hostname="LAPTOP-5KMFOFH9" failures="0" tests="3" name="restAPITesting.Create_Update_DeleteSameUser" time="3.612" errors="0" timestamp="2024-08-03T21:05:41 IST" skipped="0">
  <testcase classname="restAPITesting.Create_Update_DeleteSameUser" name="createNewUser" time="2.720"/>
  <system-out/>
  <testcase classname="restAPITesting.Create_Update_DeleteSameUser" name="updateSameUser" time="0.517"/>
  <system-out/>
  <testcase classname="restAPITesting.Create_Update_DeleteSameUser" name="deleteSameUser" time="0.375"/>
  <system-out/>
</testsuite> <!-- restAPITesting.Create_Update_DeleteSameUser -->
