<?xml version="1.0" encoding="UTF-8"?>
<!-- Generated by org.testng.reporters.JUnitReportReporter -->
<testsuite hostname="LAPTOP-5KMFOFH9" failures="0" tests="4" name="testNGDemo.ExcludeTest" time="0.008" errors="0" timestamp="2024-07-13T22:08:56 IST" skipped="1">
  <testcase classname="testNGDemo.ExcludeTest" name="registerTest" time="0.007"/>
  <system-out/>
  <testcase classname="testNGDemo.ExcludeTest" name="loginTest" time="0.000"/>
  <system-out/>
  <testcase classname="testNGDemo.ExcludeTest" name="searchTest" time="0.001"/>
  <system-out/>
  <testcase classname="testNGDemo.ExcludeTest" name="addToCartTest">
    <skipped/>
  </testcase> <!-- addToCartTest -->
  <system-out/>
</testsuite> <!-- testNGDemo.ExcludeTest -->
