<?xml version="1.0" encoding="UTF-8"?>
<!-- Generated by org.testng.reporters.JUnitReportReporter -->
<testsuite hostname="LAPTOP-5KMFOFH9" failures="0" tests="3" name="seleniumGrid.ChrossBrowserTestGrid" time="61.893" errors="0" timestamp="2024-07-27T22:06:31 IST" skipped="0">
  <testcase classname="seleniumGrid.ChrossBrowserTestGrid" name="testGrid" time="19.943"/>
  <system-out/>
  <testcase classname="seleniumGrid.ChrossBrowserTestGrid" name="testGrid" time="22.660"/>
  <system-out/>
  <testcase classname="seleniumGrid.ChrossBrowserTestGrid" name="testGrid" time="19.290"/>
  <system-out/>
</testsuite> <!-- seleniumGrid.ChrossBrowserTestGrid -->
